This is pdfTeX, Version 3.14159265-2.6-1.40.19 (TeX Live 2018) (preloaded format=pdflatex 2019.3.7)  15 MAR 2019 16:36
entering extended mode
 restricted \write18 enabled.
 %&-line parsing enabled.
**1600D_wave.tex
(./1600D_wave.tex
LaTeX2e <2018-12-01>
(/usr/local/texlive/2018/texmf-dist/tex/latex/base/article.cls
Document Class: article 2018/09/03 v1.4i Standard LaTeX document class
(/usr/local/texlive/2018/texmf-dist/tex/latex/base/size10.clo
File: size10.clo 2018/09/03 v1.4i Standard LaTeX file (size option)
)
\c@part=\count80
\c@section=\count81
\c@subsection=\count82
\c@subsubsection=\count83
\c@paragraph=\count84
\c@subparagraph=\count85
\c@figure=\count86
\c@table=\count87
\abovecaptionskip=\skip41
\belowcaptionskip=\skip42
\bibindent=\dimen102
)
(/usr/local/texlive/2018/texmf-dist/tex/latex/graphics/color.sty
Package: color 2016/07/10 v1.1e Standard LaTeX Color (DPC)

(/usr/local/texlive/2018/texmf-dist/tex/latex/graphics-cfg/color.cfg
File: color.cfg 2016/01/02 v1.6 sample color configuration
)
Package color Info: Driver file: pdftex.def on input line 147.

(/usr/local/texlive/2018/texmf-dist/tex/latex/graphics-def/pdftex.def
File: pdftex.def 2018/01/08 v1.0l Graphics/color driver for pdftex
))
(/usr/local/texlive/2018/texmf-dist/tex/latex/graphics/graphicx.sty
Package: graphicx 2017/06/01 v1.1a Enhanced LaTeX Graphics (DPC,SPQR)

(/usr/local/texlive/2018/texmf-dist/tex/latex/graphics/keyval.sty
Package: keyval 2014/10/28 v1.15 key=value parser (DPC)
\KV@toks@=\toks14
)
(/usr/local/texlive/2018/texmf-dist/tex/latex/graphics/graphics.sty
Package: graphics 2017/06/25 v1.2c Standard LaTeX Graphics (DPC,SPQR)

(/usr/local/texlive/2018/texmf-dist/tex/latex/graphics/trig.sty
Package: trig 2016/01/03 v1.10 sin cos tan (DPC)
)
(/usr/local/texlive/2018/texmf-dist/tex/latex/graphics-cfg/graphics.cfg
File: graphics.cfg 2016/06/04 v1.11 sample graphics configuration
)
Package graphics Info: Driver file: pdftex.def on input line 99.
)
\Gin@req@height=\dimen103
\Gin@req@width=\dimen104
)
(/usr/local/texlive/2018/texmf-dist/tex/latex/amsmath/amsmath.sty
Package: amsmath 2018/12/01 v2.17b AMS math features
\@mathmargin=\skip43

For additional information on amsmath, use the `?' option.
(/usr/local/texlive/2018/texmf-dist/tex/latex/amsmath/amstext.sty
Package: amstext 2000/06/29 v2.01 AMS text

(/usr/local/texlive/2018/texmf-dist/tex/latex/amsmath/amsgen.sty
File: amsgen.sty 1999/11/30 v2.0 generic functions
\@emptytoks=\toks15
\ex@=\dimen105
))
(/usr/local/texlive/2018/texmf-dist/tex/latex/amsmath/amsbsy.sty
Package: amsbsy 1999/11/29 v1.2d Bold Symbols
\pmbraise@=\dimen106
)
(/usr/local/texlive/2018/texmf-dist/tex/latex/amsmath/amsopn.sty
Package: amsopn 2016/03/08 v2.02 operator names
)
\inf@bad=\count88
LaTeX Info: Redefining \frac on input line 223.
\uproot@=\count89
\leftroot@=\count90
LaTeX Info: Redefining \overline on input line 385.
\classnum@=\count91
\DOTSCASE@=\count92
LaTeX Info: Redefining \ldots on input line 482.
LaTeX Info: Redefining \dots on input line 485.
LaTeX Info: Redefining \cdots on input line 606.
\Mathstrutbox@=\box27
\strutbox@=\box28
\big@size=\dimen107
LaTeX Font Info:    Redeclaring font encoding OML on input line 729.
LaTeX Font Info:    Redeclaring font encoding OMS on input line 730.
\macc@depth=\count93
\c@MaxMatrixCols=\count94
\dotsspace@=\muskip10
\c@parentequation=\count95
\dspbrk@lvl=\count96
\tag@help=\toks16
\row@=\count97
\column@=\count98
\maxfields@=\count99
\andhelp@=\toks17
\eqnshift@=\dimen108
\alignsep@=\dimen109
\tagshift@=\dimen110
\tagwidth@=\dimen111
\totwidth@=\dimen112
\lineht@=\dimen113
\@envbody=\toks18
\multlinegap=\skip44
\multlinetaggap=\skip45
\mathdisplay@stack=\toks19
LaTeX Info: Redefining \[ on input line 2844.
LaTeX Info: Redefining \] on input line 2845.
)
(/usr/local/texlive/2018/texmf-dist/tex/latex/amsfonts/amsfonts.sty
Package: amsfonts 2013/01/14 v3.01 Basic AMSFonts support
\symAMSa=\mathgroup4
\symAMSb=\mathgroup5
LaTeX Font Info:    Overwriting math alphabet `\mathfrak' in version `bold'
(Font)                  U/euf/m/n --> U/euf/b/n on input line 106.
)
(/usr/local/texlive/2018/texmf-dist/tex/latex/amsfonts/amssymb.sty
Package: amssymb 2013/01/14 v3.01 AMS font symbols
)
(/usr/local/texlive/2018/texmf-dist/tex/latex/jknapltx/mathrsfs.sty
Package: mathrsfs 1996/01/01 Math RSFS package v1.0 (jk)
\symrsfs=\mathgroup6
)
(/usr/local/texlive/2018/texmf-dist/tex/latex/tools/bm.sty
Package: bm 2017/01/16 v1.2c Bold Symbol Support (DPC/FMi)
\symboldoperators=\mathgroup7
\symboldletters=\mathgroup8
\symboldsymbols=\mathgroup9
LaTeX Font Info:    Redeclaring math alphabet \mathbf on input line 141.
LaTeX Info: Redefining \bm on input line 207.
)
(/usr/local/texlive/2018/texmf-dist/tex/latex/tools/verbatim.sty
Package: verbatim 2014/10/28 v1.5q LaTeX2e package for verbatim enhancements
\every@verbatim=\toks20
\verbatim@line=\toks21
\verbatim@in@stream=\read1
)
(/usr/local/texlive/2018/texmf-dist/tex/latex/cancel/cancel.sty
Package: cancel 2013/04/12 v2.2 Cancel math terms
)
(./1600D_wave.aux)
\openout1 = `1600D_wave.aux'.

LaTeX Font Info:    Checking defaults for OML/cmm/m/it on input line 13.
LaTeX Font Info:    ... okay on input line 13.
LaTeX Font Info:    Checking defaults for T1/cmr/m/n on input line 13.
LaTeX Font Info:    ... okay on input line 13.
LaTeX Font Info:    Checking defaults for OT1/cmr/m/n on input line 13.
LaTeX Font Info:    ... okay on input line 13.
LaTeX Font Info:    Checking defaults for OMS/cmsy/m/n on input line 13.
LaTeX Font Info:    ... okay on input line 13.
LaTeX Font Info:    Checking defaults for OMX/cmex/m/n on input line 13.
LaTeX Font Info:    ... okay on input line 13.
LaTeX Font Info:    Checking defaults for U/cmr/m/n on input line 13.
LaTeX Font Info:    ... okay on input line 13.

(/usr/local/texlive/2018/texmf-dist/tex/context/base/mkii/supp-pdf.mkii
[Loading MPS to PDF converter (version 2006.09.02).]
\scratchcounter=\count100
\scratchdimen=\dimen114
\scratchbox=\box29
\nofMPsegments=\count101
\nofMParguments=\count102
\everyMPshowfont=\toks22
\MPscratchCnt=\count103
\MPscratchDim=\dimen115
\MPnumerator=\count104
\makeMPintoPDFobject=\count105
\everyMPtoPDFconversion=\toks23
) (/usr/local/texlive/2018/texmf-dist/tex/latex/oberdiek/epstopdf-base.sty
Package: epstopdf-base 2016/05/15 v2.6 Base part for package epstopdf

(/usr/local/texlive/2018/texmf-dist/tex/generic/oberdiek/infwarerr.sty
Package: infwarerr 2016/05/16 v1.4 Providing info/warning/error messages (HO)
)
(/usr/local/texlive/2018/texmf-dist/tex/latex/oberdiek/grfext.sty
Package: grfext 2016/05/16 v1.2 Manage graphics extensions (HO)

(/usr/local/texlive/2018/texmf-dist/tex/generic/oberdiek/kvdefinekeys.sty
Package: kvdefinekeys 2016/05/16 v1.4 Define keys (HO)

(/usr/local/texlive/2018/texmf-dist/tex/generic/oberdiek/ltxcmds.sty
Package: ltxcmds 2016/05/16 v1.23 LaTeX kernel commands for general use (HO)
)))
(/usr/local/texlive/2018/texmf-dist/tex/latex/oberdiek/kvoptions.sty
Package: kvoptions 2016/05/16 v3.12 Key value format for package options (HO)

(/usr/local/texlive/2018/texmf-dist/tex/generic/oberdiek/kvsetkeys.sty
Package: kvsetkeys 2016/05/16 v1.17 Key value parser (HO)

(/usr/local/texlive/2018/texmf-dist/tex/generic/oberdiek/etexcmds.sty
Package: etexcmds 2016/05/16 v1.6 Avoid name clashes with e-TeX commands (HO)

(/usr/local/texlive/2018/texmf-dist/tex/generic/oberdiek/ifluatex.sty
Package: ifluatex 2016/05/16 v1.4 Provides the ifluatex switch (HO)
Package ifluatex Info: LuaTeX not detected.
)
Package etexcmds Info: Could not find \expanded.
(etexcmds)             That can mean that you are not using pdfTeX 1.50 or
(etexcmds)             that some package has redefined \expanded.
(etexcmds)             In the latter case, load this package earlier.
)))
(/usr/local/texlive/2018/texmf-dist/tex/generic/oberdiek/pdftexcmds.sty
Package: pdftexcmds 2018/09/10 v0.29 Utility functions of pdfTeX for LuaTeX (HO
)

(/usr/local/texlive/2018/texmf-dist/tex/generic/oberdiek/ifpdf.sty
Package: ifpdf 2018/09/07 v3.3 Provides the ifpdf switch
)
Package pdftexcmds Info: LuaTeX not detected.
Package pdftexcmds Info: \pdf@primitive is available.
Package pdftexcmds Info: \pdf@ifprimitive is available.
Package pdftexcmds Info: \pdfdraftmode found.
)
Package epstopdf-base Info: Redefining graphics rule for `.eps' on input line 4
38.
Package grfext Info: Graphics extension search list:
(grfext)             [.pdf,.png,.jpg,.mps,.jpeg,.jbig2,.jb2,.PDF,.PNG,.JPG,.JPE
G,.JBIG2,.JB2,.eps]
(grfext)             \AppendGraphicsExtensions on input line 456.

(/usr/local/texlive/2018/texmf-dist/tex/latex/latexconfig/epstopdf-sys.cfg
File: epstopdf-sys.cfg 2010/07/13 v1.3 Configuration of (r)epstopdf for TeX Liv
e
))
Package epstopdf Info: Source file: <5_1d2.eps>
(epstopdf)                    date: 2019-03-15 16:36:22
(epstopdf)                    size: 25227 bytes
(epstopdf)             Output file: <5_1d2-eps-converted-to.pdf>
(epstopdf)                    date: 2019-03-15 16:32:37
(epstopdf)                    size: 9062 bytes
(epstopdf)             Command: <repstopdf --outfile=5_1d2-eps-converted-to.pdf
 5_1d2.eps>
(epstopdf)             \includegraphics on input line 18.
runsystem(repstopdf --outfile=5_1d2-eps-converted-to.pdf 5_1d2.eps)...executed 
safely (allowed).

Package epstopdf Info: Result file: <5_1d2-eps-converted-to.pdf>
(epstopdf)                    date: 2019-03-15 16:36:28
(epstopdf)                    size: 9187 bytes.
<5_1d2-eps-converted-to.pdf, id=1, 361.35pt x 252.945pt>
File: 5_1d2-eps-converted-to.pdf Graphic file (type pdf)
<use 5_1d2-eps-converted-to.pdf>
Package pdftex.def Info: 5_1d2-eps-converted-to.pdf  used on input line 18.
(pdftex.def)             Requested size: 172.5pt x 120.74835pt.
Package epstopdf Info: Source file: <8_1d2.eps>
(epstopdf)                    date: 2019-03-15 16:36:22
(epstopdf)                    size: 25778 bytes
(epstopdf)             Output file: <8_1d2-eps-converted-to.pdf>
(epstopdf)                    date: 2019-03-15 16:32:38
(epstopdf)                    size: 9387 bytes
(epstopdf)             Command: <repstopdf --outfile=8_1d2-eps-converted-to.pdf
 8_1d2.eps>
(epstopdf)             \includegraphics on input line 19.
runsystem(repstopdf --outfile=8_1d2-eps-converted-to.pdf 8_1d2.eps)...executed 
safely (allowed).

Package epstopdf Info: Result file: <8_1d2-eps-converted-to.pdf>
(epstopdf)                    date: 2019-03-15 16:36:28
(epstopdf)                    size: 9260 bytes.
<8_1d2-eps-converted-to.pdf, id=2, 361.35pt x 252.945pt>
File: 8_1d2-eps-converted-to.pdf Graphic file (type pdf)
<use 8_1d2-eps-converted-to.pdf>
Package pdftex.def Info: 8_1d2-eps-converted-to.pdf  used on input line 19.
(pdftex.def)             Requested size: 172.5pt x 120.74835pt.
Package epstopdf Info: Source file: <11_1d2.eps>
(epstopdf)                    date: 2019-03-15 16:36:22
(epstopdf)                    size: 25500 bytes
(epstopdf)             Output file: <11_1d2-eps-converted-to.pdf>
(epstopdf)                    date: 2019-03-15 16:32:38
(epstopdf)                    size: 9337 bytes
(epstopdf)             Command: <repstopdf --outfile=11_1d2-eps-converted-to.pd
f 11_1d2.eps>
(epstopdf)             \includegraphics on input line 20.
runsystem(repstopdf --outfile=11_1d2-eps-converted-to.pdf 11_1d2.eps)...execute
d safely (allowed).

Package epstopdf Info: Result file: <11_1d2-eps-converted-to.pdf>
(epstopdf)                    date: 2019-03-15 16:36:29
(epstopdf)                    size: 9207 bytes.
<11_1d2-eps-converted-to.pdf, id=3, 361.35pt x 252.945pt>
File: 11_1d2-eps-converted-to.pdf Graphic file (type pdf)
<use 11_1d2-eps-converted-to.pdf>
Package pdftex.def Info: 11_1d2-eps-converted-to.pdf  used on input line 20.
(pdftex.def)             Requested size: 172.5pt x 120.74835pt.
Package epstopdf Info: Source file: <5_3d2.eps>
(epstopdf)                    date: 2019-03-15 16:36:22
(epstopdf)                    size: 26128 bytes
(epstopdf)             Output file: <5_3d2-eps-converted-to.pdf>
(epstopdf)                    date: 2019-03-15 16:32:38
(epstopdf)                    size: 9389 bytes
(epstopdf)             Command: <repstopdf --outfile=5_3d2-eps-converted-to.pdf
 5_3d2.eps>
(epstopdf)             \includegraphics on input line 21.
runsystem(repstopdf --outfile=5_3d2-eps-converted-to.pdf 5_3d2.eps)...executed 
safely (allowed).

Package epstopdf Info: Result file: <5_3d2-eps-converted-to.pdf>
(epstopdf)                    date: 2019-03-15 16:36:29
(epstopdf)                    size: 9256 bytes.
<5_3d2-eps-converted-to.pdf, id=4, 361.35pt x 252.945pt>
File: 5_3d2-eps-converted-to.pdf Graphic file (type pdf)
<use 5_3d2-eps-converted-to.pdf>
Package pdftex.def Info: 5_3d2-eps-converted-to.pdf  used on input line 21.
(pdftex.def)             Requested size: 172.5pt x 120.74835pt.
Package epstopdf Info: Source file: <8_3d2.eps>
(epstopdf)                    date: 2019-03-15 16:36:22
(epstopdf)                    size: 26129 bytes
(epstopdf)             Output file: <8_3d2-eps-converted-to.pdf>
(epstopdf)                    date: 2019-03-15 16:32:38
(epstopdf)                    size: 9245 bytes
(epstopdf)             Command: <repstopdf --outfile=8_3d2-eps-converted-to.pdf
 8_3d2.eps>
(epstopdf)             \includegraphics on input line 22.
runsystem(repstopdf --outfile=8_3d2-eps-converted-to.pdf 8_3d2.eps)...executed 
safely (allowed).

Package epstopdf Info: Result file: <8_3d2-eps-converted-to.pdf>
(epstopdf)                    date: 2019-03-15 16:36:29
(epstopdf)                    size: 9377 bytes.
<8_3d2-eps-converted-to.pdf, id=5, 361.35pt x 252.945pt>
File: 8_3d2-eps-converted-to.pdf Graphic file (type pdf)
<use 8_3d2-eps-converted-to.pdf>
Package pdftex.def Info: 8_3d2-eps-converted-to.pdf  used on input line 22.
(pdftex.def)             Requested size: 172.5pt x 120.74835pt.
Package epstopdf Info: Source file: <11_3d2.eps>
(epstopdf)                    date: 2019-03-15 16:36:22
(epstopdf)                    size: 26132 bytes
(epstopdf)             Output file: <11_3d2-eps-converted-to.pdf>
(epstopdf)                    date: 2019-03-15 16:32:39
(epstopdf)                    size: 9251 bytes
(epstopdf)             Command: <repstopdf --outfile=11_3d2-eps-converted-to.pd
f 11_3d2.eps>
(epstopdf)             \includegraphics on input line 23.
runsystem(repstopdf --outfile=11_3d2-eps-converted-to.pdf 11_3d2.eps)...execute
d safely (allowed).

Package epstopdf Info: Result file: <11_3d2-eps-converted-to.pdf>
(epstopdf)                    date: 2019-03-15 16:36:29
(epstopdf)                    size: 9252 bytes.
<11_3d2-eps-converted-to.pdf, id=6, 361.35pt x 252.945pt>
File: 11_3d2-eps-converted-to.pdf Graphic file (type pdf)
<use 11_3d2-eps-converted-to.pdf>
Package pdftex.def Info: 11_3d2-eps-converted-to.pdf  used on input line 23.
(pdftex.def)             Requested size: 172.5pt x 120.74835pt.
Package epstopdf Info: Source file: <5_3d3.eps>
(epstopdf)                    date: 2019-03-15 16:36:22
(epstopdf)                    size: 25818 bytes
(epstopdf)             Output file: <5_3d3-eps-converted-to.pdf>
(epstopdf)                    date: 2019-03-15 16:32:39
(epstopdf)                    size: 9405 bytes
(epstopdf)             Command: <repstopdf --outfile=5_3d3-eps-converted-to.pdf
 5_3d3.eps>
(epstopdf)             \includegraphics on input line 24.
runsystem(repstopdf --outfile=5_3d3-eps-converted-to.pdf 5_3d3.eps)...executed 
safely (allowed).

Package epstopdf Info: Result file: <5_3d3-eps-converted-to.pdf>
(epstopdf)                    date: 2019-03-15 16:36:30
(epstopdf)                    size: 9532 bytes.
<5_3d3-eps-converted-to.pdf, id=7, 361.35pt x 252.945pt>
File: 5_3d3-eps-converted-to.pdf Graphic file (type pdf)
<use 5_3d3-eps-converted-to.pdf>
Package pdftex.def Info: 5_3d3-eps-converted-to.pdf  used on input line 24.
(pdftex.def)             Requested size: 172.5pt x 120.74835pt.
Package epstopdf Info: Source file: <8_3d3.eps>
(epstopdf)                    date: 2019-03-15 16:36:22
(epstopdf)                    size: 25827 bytes
(epstopdf)             Output file: <8_3d3-eps-converted-to.pdf>
(epstopdf)                    date: 2019-03-15 16:32:39
(epstopdf)                    size: 9420 bytes
(epstopdf)             Command: <repstopdf --outfile=8_3d3-eps-converted-to.pdf
 8_3d3.eps>
(epstopdf)             \includegraphics on input line 25.
runsystem(repstopdf --outfile=8_3d3-eps-converted-to.pdf 8_3d3.eps)...executed 
safely (allowed).

Package epstopdf Info: Result file: <8_3d3-eps-converted-to.pdf>
(epstopdf)                    date: 2019-03-15 16:36:30
(epstopdf)                    size: 9416 bytes.
<8_3d3-eps-converted-to.pdf, id=8, 361.35pt x 252.945pt>
File: 8_3d3-eps-converted-to.pdf Graphic file (type pdf)
<use 8_3d3-eps-converted-to.pdf>
Package pdftex.def Info: 8_3d3-eps-converted-to.pdf  used on input line 25.
(pdftex.def)             Requested size: 172.5pt x 120.74835pt.

Overfull \hbox (2.22221pt too wide) in paragraph at lines 18--26
[][] []
 []


Overfull \hbox (2.22221pt too wide) in paragraph at lines 18--26
[] []
 []


Overfull \hbox (2.22221pt too wide) in paragraph at lines 18--26
[] []
 []


Overfull \hbox (2.22221pt too wide) in paragraph at lines 18--26
[] [] 
 []

Package epstopdf Info: Source file: <11_3d3.eps>
(epstopdf)                    date: 2019-03-15 16:36:22
(epstopdf)                    size: 25830 bytes
(epstopdf)             Output file: <11_3d3-eps-converted-to.pdf>
(epstopdf)                    date: 2019-03-15 16:32:39
(epstopdf)                    size: 9549 bytes
(epstopdf)             Command: <repstopdf --outfile=11_3d3-eps-converted-to.pd
f 11_3d3.eps>
(epstopdf)             \includegraphics on input line 30.
runsystem(repstopdf --outfile=11_3d3-eps-converted-to.pdf 11_3d3.eps)...execute
d safely (allowed).

Package epstopdf Info: Result file: <11_3d3-eps-converted-to.pdf>
(epstopdf)                    date: 2019-03-15 16:36:30
(epstopdf)                    size: 9426 bytes.
<11_3d3-eps-converted-to.pdf, id=9, 361.35pt x 252.945pt>
File: 11_3d3-eps-converted-to.pdf Graphic file (type pdf)
<use 11_3d3-eps-converted-to.pdf>
Package pdftex.def Info: 11_3d3-eps-converted-to.pdf  used on input line 30.
(pdftex.def)             Requested size: 172.5pt x 120.74835pt.
Package epstopdf Info: Source file: <5_e3.eps>
(epstopdf)                    date: 2019-03-15 16:36:22
(epstopdf)                    size: 26633 bytes
(epstopdf)             Output file: <5_e3-eps-converted-to.pdf>
(epstopdf)                    date: 2019-03-15 16:32:40
(epstopdf)                    size: 10153 bytes
(epstopdf)             Command: <repstopdf --outfile=5_e3-eps-converted-to.pdf 
5_e3.eps>
(epstopdf)             \includegraphics on input line 31.
runsystem(repstopdf --outfile=5_e3-eps-converted-to.pdf 5_e3.eps)...executed sa
fely (allowed).

Package epstopdf Info: Result file: <5_e3-eps-converted-to.pdf>
(epstopdf)                    date: 2019-03-15 16:36:30
(epstopdf)                    size: 10153 bytes.
<5_e3-eps-converted-to.pdf, id=10, 361.35pt x 252.945pt>
File: 5_e3-eps-converted-to.pdf Graphic file (type pdf)
<use 5_e3-eps-converted-to.pdf>
Package pdftex.def Info: 5_e3-eps-converted-to.pdf  used on input line 31.
(pdftex.def)             Requested size: 172.5pt x 120.74835pt.
Package epstopdf Info: Source file: <8_e3.eps>
(epstopdf)                    date: 2019-03-15 16:36:22
(epstopdf)                    size: 26585 bytes
(epstopdf)             Output file: <8_e3-eps-converted-to.pdf>
(epstopdf)                    date: 2019-03-15 16:32:40
(epstopdf)                    size: 10159 bytes
(epstopdf)             Command: <repstopdf --outfile=8_e3-eps-converted-to.pdf 
8_e3.eps>
(epstopdf)             \includegraphics on input line 32.
runsystem(repstopdf --outfile=8_e3-eps-converted-to.pdf 8_e3.eps)...executed sa
fely (allowed).

Package epstopdf Info: Result file: <8_e3-eps-converted-to.pdf>
(epstopdf)                    date: 2019-03-15 16:36:31
(epstopdf)                    size: 10159 bytes.
<8_e3-eps-converted-to.pdf, id=11, 361.35pt x 252.945pt>
File: 8_e3-eps-converted-to.pdf Graphic file (type pdf)
<use 8_e3-eps-converted-to.pdf>
Package pdftex.def Info: 8_e3-eps-converted-to.pdf  used on input line 32.
(pdftex.def)             Requested size: 172.5pt x 120.74835pt.
Package epstopdf Info: Source file: <11_e3.eps>
(epstopdf)                    date: 2019-03-15 16:36:22
(epstopdf)                    size: 26633 bytes
(epstopdf)             Output file: <11_e3-eps-converted-to.pdf>
(epstopdf)                    date: 2019-03-15 16:32:40
(epstopdf)                    size: 10162 bytes
(epstopdf)             Command: <repstopdf --outfile=11_e3-eps-converted-to.pdf
 11_e3.eps>
(epstopdf)             \includegraphics on input line 33.
runsystem(repstopdf --outfile=11_e3-eps-converted-to.pdf 11_e3.eps)...executed 
safely (allowed).

Package epstopdf Info: Result file: <11_e3-eps-converted-to.pdf>
(epstopdf)                    date: 2019-03-15 16:36:31
(epstopdf)                    size: 10162 bytes.
<11_e3-eps-converted-to.pdf, id=12, 361.35pt x 252.945pt>
File: 11_e3-eps-converted-to.pdf Graphic file (type pdf)
<use 11_e3-eps-converted-to.pdf>
Package pdftex.def Info: 11_e3-eps-converted-to.pdf  used on input line 33.
(pdftex.def)             Requested size: 172.5pt x 120.74835pt.
Package epstopdf Info: Source file: <5_3g3.eps>
(epstopdf)                    date: 2019-03-15 16:36:22
(epstopdf)                    size: 25704 bytes
(epstopdf)             Output file: <5_3g3-eps-converted-to.pdf>
(epstopdf)                    date: 2019-03-15 16:32:40
(epstopdf)                    size: 9282 bytes
(epstopdf)             Command: <repstopdf --outfile=5_3g3-eps-converted-to.pdf
 5_3g3.eps>
(epstopdf)             \includegraphics on input line 34.
runsystem(repstopdf --outfile=5_3g3-eps-converted-to.pdf 5_3g3.eps)...executed 
safely (allowed).

Package epstopdf Info: Result file: <5_3g3-eps-converted-to.pdf>
(epstopdf)                    date: 2019-03-15 16:36:31
(epstopdf)                    size: 9149 bytes.
<5_3g3-eps-converted-to.pdf, id=13, 361.35pt x 252.945pt>
File: 5_3g3-eps-converted-to.pdf Graphic file (type pdf)
<use 5_3g3-eps-converted-to.pdf>
Package pdftex.def Info: 5_3g3-eps-converted-to.pdf  used on input line 34.
(pdftex.def)             Requested size: 172.5pt x 120.74835pt.
Package epstopdf Info: Source file: <8_3g3.eps>
(epstopdf)                    date: 2019-03-15 16:36:22
(epstopdf)                    size: 25703 bytes
(epstopdf)             Output file: <8_3g3-eps-converted-to.pdf>
(epstopdf)                    date: 2019-03-15 16:32:41
(epstopdf)                    size: 9202 bytes
(epstopdf)             Command: <repstopdf --outfile=8_3g3-eps-converted-to.pdf
 8_3g3.eps>
(epstopdf)             \includegraphics on input line 35.
runsystem(repstopdf --outfile=8_3g3-eps-converted-to.pdf 8_3g3.eps)...executed 
safely (allowed).

Package epstopdf Info: Result file: <8_3g3-eps-converted-to.pdf>
(epstopdf)                    date: 2019-03-15 16:36:32
(epstopdf)                    size: 9333 bytes.
<8_3g3-eps-converted-to.pdf, id=14, 361.35pt x 252.945pt>
File: 8_3g3-eps-converted-to.pdf Graphic file (type pdf)
<use 8_3g3-eps-converted-to.pdf>
Package pdftex.def Info: 8_3g3-eps-converted-to.pdf  used on input line 35.
(pdftex.def)             Requested size: 172.5pt x 120.74835pt.
Package epstopdf Info: Source file: <11_3g3.eps>
(epstopdf)                    date: 2019-03-15 16:36:22
(epstopdf)                    size: 25706 bytes
(epstopdf)             Output file: <11_3g3-eps-converted-to.pdf>
(epstopdf)                    date: 2019-03-15 16:32:41
(epstopdf)                    size: 9193 bytes
(epstopdf)             Command: <repstopdf --outfile=11_3g3-eps-converted-to.pd
f 11_3g3.eps>
(epstopdf)             \includegraphics on input line 36.
runsystem(repstopdf --outfile=11_3g3-eps-converted-to.pdf 11_3g3.eps)...execute
d safely (allowed).

Package epstopdf Info: Result file: <11_3g3-eps-converted-to.pdf>
(epstopdf)                    date: 2019-03-15 16:36:32
(epstopdf)                    size: 9194 bytes.
<11_3g3-eps-converted-to.pdf, id=15, 361.35pt x 252.945pt>
File: 11_3g3-eps-converted-to.pdf Graphic file (type pdf)
<use 11_3g3-eps-converted-to.pdf>
Package pdftex.def Info: 11_3g3-eps-converted-to.pdf  used on input line 36.
(pdftex.def)             Requested size: 172.5pt x 120.74835pt.

Overfull \hbox (2.22221pt too wide) in paragraph at lines 30--37
[][] []
 []


Overfull \hbox (2.22221pt too wide) in paragraph at lines 30--37
[] []
 []


Overfull \hbox (2.22221pt too wide) in paragraph at lines 30--37
[] []
 []

LaTeX Font Info:    Try loading font information for U+msa on input line 37.
(/usr/local/texlive/2018/texmf-dist/tex/latex/amsfonts/umsa.fd
File: umsa.fd 2013/01/14 v3.01 AMS symbols A
)
LaTeX Font Info:    Try loading font information for U+msb on input line 37.

(/usr/local/texlive/2018/texmf-dist/tex/latex/amsfonts/umsb.fd
File: umsb.fd 2013/01/14 v3.01 AMS symbols B
)
LaTeX Font Info:    Try loading font information for U+rsfs on input line 37.

(/usr/local/texlive/2018/texmf-dist/tex/latex/jknapltx/ursfs.fd
File: ursfs.fd 1998/03/24 rsfs font definition file (jk)
) [1{/usr/local/texlive/2018/texmf-var/fonts/map/pdftex/updmap/pdftex.map} <./5
_1d2-eps-converted-to.pdf> <./8_1d2-eps-converted-to.pdf> <./11_1d2-eps-convert
ed-to.pdf> <./5_3d2-eps-converted-to.pdf> <./8_3d2-eps-converted-to.pdf> <./11_
3d2-eps-converted-to.pdf> <./5_3d3-eps-converted-to.pdf> <./8_3d3-eps-converted
-to.pdf>]
[2 <./11_3d3-eps-converted-to.pdf> <./5_e3-eps-converted-to.pdf> <./8_e3-eps-co
nverted-to.pdf> <./11_e3-eps-converted-to.pdf> <./5_3g3-eps-converted-to.pdf> <
./8_3g3-eps-converted-to.pdf> <./11_3g3-eps-converted-to.pdf>]
(./1600D_wave.aux) ) 
Here is how much of TeX's memory you used:
 2588 strings out of 492616
 36195 string characters out of 6128968
 97961 words of memory out of 5000000
 6435 multiletter control sequences out of 15000+600000
 8591 words of font info for 34 fonts, out of 8000000 for 9000
 1141 hyphenation exceptions out of 8191
 41i,6n,25p,277b,226s stack positions out of 5000i,500n,10000p,200000b,80000s
</usr/local/texlive/2018/texmf-dist/fonts/type1/public/amsf
onts/cm/cmr10.pfb></usr/local/texlive/2018/texmf-dist/fonts/type1/public/amsfon
ts/cm/cmr7.pfb>
Output written on 1600D_wave.pdf (2 pages, 114983 bytes).
PDF statistics:
 170 PDF objects out of 1000 (max. 8388607)
 117 compressed objects within 2 object streams
 0 named destinations out of 1000 (max. 500000)
 76 words of extra memory for PDF output out of 10000 (max. 10000000)

